[0.599s] DEBUG:colcon:Command line arguments: ['/usr/bin/colcon', 'build', '--symlink-install']
[0.599s] DEBUG:colcon:Parsed command line arguments: Namespace(log_base=None, log_level=None, verb_name='build', build_base='build', install_base='install', merge_install=False, symlink_install=True, test_result_base=None, continue_on_error=False, executor='parallel', parallel_workers=4, event_handlers=None, ignore_user_meta=False, metas=['./colcon.meta'], base_paths=['.'], packages_ignore=None, packages_ignore_regex=None, paths=None, packages_up_to=None, packages_up_to_regex=None, packages_above=None, packages_above_and_dependencies=None, packages_above_depth=None, packages_select_by_dep=None, packages_skip_by_dep=None, packages_skip_up_to=None, packages_select_build_failed=False, packages_skip_build_finished=False, packages_select_test_failures=False, packages_skip_test_passed=False, packages_select=None, packages_skip=None, packages_select_regex=None, packages_skip_regex=None, packages_start=None, packages_end=None, allow_overriding=[], cmake_args=None, cmake_target=None, cmake_target_skip_unavailable=False, cmake_clean_cache=False, cmake_clean_first=False, cmake_force_configure=False, ament_cmake_args=None, catkin_cmake_args=None, catkin_skip_building_tests=False, mixin_files=None, mixin=None, verb_parser=<colcon_mixin.mixin.mixin_argument.MixinArgumentDecorator object at 0xffffaab81ba0>, verb_extension=<colcon_core.verb.build.BuildVerb object at 0xffffaac9a1d0>, main=<bound method BuildVerb.main of <colcon_core.verb.build.BuildVerb object at 0xffffaac9a1d0>>, mixin_verb=('build',))
[1.550s] Level 1:colcon.colcon_core.package_discovery:discover_packages(colcon_meta) check parameters
[1.551s] Level 1:colcon.colcon_core.package_discovery:discover_packages(recursive) check parameters
[1.551s] Level 1:colcon.colcon_core.package_discovery:discover_packages(ignore) check parameters
[1.551s] Level 1:colcon.colcon_core.package_discovery:discover_packages(path) check parameters
[1.551s] Level 1:colcon.colcon_core.package_discovery:discover_packages(colcon_meta) discover
[1.551s] Level 1:colcon.colcon_core.package_discovery:discover_packages(recursive) discover
[1.552s] INFO:colcon.colcon_core.package_discovery:Crawling recursively for packages in '/home/wong/Documents/rasp_ros2'
[1.552s] Level 1:colcon.colcon_core.package_identification:_identify(.) by extensions ['ignore', 'ignore_ament_install']
[1.553s] Level 1:colcon.colcon_core.package_identification:_identify(.) by extension 'ignore'
[1.553s] Level 1:colcon.colcon_core.package_identification:_identify(.) by extension 'ignore_ament_install'
[1.553s] Level 1:colcon.colcon_core.package_identification:_identify(.) by extensions ['colcon_pkg']
[1.553s] Level 1:colcon.colcon_core.package_identification:_identify(.) by extension 'colcon_pkg'
[1.553s] Level 1:colcon.colcon_core.package_identification:_identify(.) by extensions ['colcon_meta']
[1.553s] Level 1:colcon.colcon_core.package_identification:_identify(.) by extension 'colcon_meta'
[1.554s] Level 1:colcon.colcon_core.package_identification:_identify(.) by extensions ['ros']
[1.554s] Level 1:colcon.colcon_core.package_identification:_identify(.) by extension 'ros'
[1.601s] Level 1:colcon.colcon_core.package_identification:_identify(.) by extensions ['cmake', 'python']
[1.601s] Level 1:colcon.colcon_core.package_identification:_identify(.) by extension 'cmake'
[1.601s] Level 1:colcon.colcon_core.package_identification:_identify(.) by extension 'python'
[1.601s] Level 1:colcon.colcon_core.package_identification:_identify(.) by extensions ['python_setup_py']
[1.602s] Level 1:colcon.colcon_core.package_identification:_identify(.) by extension 'python_setup_py'
[1.602s] Level 1:colcon.colcon_core.package_identification:_identify(YDLidar-SDK-master) by extensions ['ignore', 'ignore_ament_install']
[1.603s] Level 1:colcon.colcon_core.package_identification:_identify(YDLidar-SDK-master) by extension 'ignore'
[1.604s] Level 1:colcon.colcon_core.package_identification:_identify(YDLidar-SDK-master) by extension 'ignore_ament_install'
[1.604s] Level 1:colcon.colcon_core.package_identification:_identify(YDLidar-SDK-master) by extensions ['colcon_pkg']
[1.604s] Level 1:colcon.colcon_core.package_identification:_identify(YDLidar-SDK-master) by extension 'colcon_pkg'
[1.604s] Level 1:colcon.colcon_core.package_identification:_identify(YDLidar-SDK-master) by extensions ['colcon_meta']
[1.604s] Level 1:colcon.colcon_core.package_identification:_identify(YDLidar-SDK-master) by extension 'colcon_meta'
[1.605s] Level 1:colcon.colcon_core.package_identification:_identify(YDLidar-SDK-master) by extensions ['ros']
[1.605s] Level 1:colcon.colcon_core.package_identification:_identify(YDLidar-SDK-master) by extension 'ros'
[1.605s] Level 1:colcon.colcon_core.package_identification:_identify(YDLidar-SDK-master) by extensions ['cmake', 'python']
[1.605s] Level 1:colcon.colcon_core.package_identification:_identify(YDLidar-SDK-master) by extension 'cmake'
[1.680s] Level 1:colcon.colcon_core.package_identification:_identify(YDLidar-SDK-master) by extension 'python'
[1.681s] DEBUG:colcon.colcon_core.package_identification:Package 'YDLidar-SDK-master' with type 'cmake' and name 'ydlidar_sdk'
[1.682s] Level 1:colcon.colcon_core.package_identification:_identify(build) by extensions ['ignore', 'ignore_ament_install']
[1.682s] Level 1:colcon.colcon_core.package_identification:_identify(build) by extension 'ignore'
[1.682s] Level 1:colcon.colcon_core.package_identification:_identify(build) ignored
[1.683s] Level 1:colcon.colcon_core.package_identification:_identify(install) by extensions ['ignore', 'ignore_ament_install']
[1.683s] Level 1:colcon.colcon_core.package_identification:_identify(install) by extension 'ignore'
[1.684s] Level 1:colcon.colcon_core.package_identification:_identify(install) ignored
[1.684s] Level 1:colcon.colcon_core.package_identification:_identify(log) by extensions ['ignore', 'ignore_ament_install']
[1.684s] Level 1:colcon.colcon_core.package_identification:_identify(log) by extension 'ignore'
[1.685s] Level 1:colcon.colcon_core.package_identification:_identify(log) ignored
[1.685s] Level 1:colcon.colcon_core.package_identification:_identify(models) by extensions ['ignore', 'ignore_ament_install']
[1.685s] Level 1:colcon.colcon_core.package_identification:_identify(models) by extension 'ignore'
[1.685s] Level 1:colcon.colcon_core.package_identification:_identify(models) by extension 'ignore_ament_install'
[1.686s] Level 1:colcon.colcon_core.package_identification:_identify(models) by extensions ['colcon_pkg']
[1.686s] Level 1:colcon.colcon_core.package_identification:_identify(models) by extension 'colcon_pkg'
[1.686s] Level 1:colcon.colcon_core.package_identification:_identify(models) by extensions ['colcon_meta']
[1.686s] Level 1:colcon.colcon_core.package_identification:_identify(models) by extension 'colcon_meta'
[1.686s] Level 1:colcon.colcon_core.package_identification:_identify(models) by extensions ['ros']
[1.687s] Level 1:colcon.colcon_core.package_identification:_identify(models) by extension 'ros'
[1.687s] Level 1:colcon.colcon_core.package_identification:_identify(models) by extensions ['cmake', 'python']
[1.687s] Level 1:colcon.colcon_core.package_identification:_identify(models) by extension 'cmake'
[1.687s] Level 1:colcon.colcon_core.package_identification:_identify(models) by extension 'python'
[1.688s] Level 1:colcon.colcon_core.package_identification:_identify(models) by extensions ['python_setup_py']
[1.688s] Level 1:colcon.colcon_core.package_identification:_identify(models) by extension 'python_setup_py'
[1.688s] Level 1:colcon.colcon_core.package_identification:_identify(runs) by extensions ['ignore', 'ignore_ament_install']
[1.689s] Level 1:colcon.colcon_core.package_identification:_identify(runs) by extension 'ignore'
[1.689s] Level 1:colcon.colcon_core.package_identification:_identify(runs) by extension 'ignore_ament_install'
[1.689s] Level 1:colcon.colcon_core.package_identification:_identify(runs) by extensions ['colcon_pkg']
[1.689s] Level 1:colcon.colcon_core.package_identification:_identify(runs) by extension 'colcon_pkg'
[1.690s] Level 1:colcon.colcon_core.package_identification:_identify(runs) by extensions ['colcon_meta']
[1.690s] Level 1:colcon.colcon_core.package_identification:_identify(runs) by extension 'colcon_meta'
[1.690s] Level 1:colcon.colcon_core.package_identification:_identify(runs) by extensions ['ros']
[1.690s] Level 1:colcon.colcon_core.package_identification:_identify(runs) by extension 'ros'
[1.691s] Level 1:colcon.colcon_core.package_identification:_identify(runs) by extensions ['cmake', 'python']
[1.691s] Level 1:colcon.colcon_core.package_identification:_identify(runs) by extension 'cmake'
[1.691s] Level 1:colcon.colcon_core.package_identification:_identify(runs) by extension 'python'
[1.691s] Level 1:colcon.colcon_core.package_identification:_identify(runs) by extensions ['python_setup_py']
[1.691s] Level 1:colcon.colcon_core.package_identification:_identify(runs) by extension 'python_setup_py'
[1.692s] Level 1:colcon.colcon_core.package_identification:_identify(ydlidar_ros2_driver-master) by extensions ['ignore', 'ignore_ament_install']
[1.692s] Level 1:colcon.colcon_core.package_identification:_identify(ydlidar_ros2_driver-master) by extension 'ignore'
[1.692s] Level 1:colcon.colcon_core.package_identification:_identify(ydlidar_ros2_driver-master) by extension 'ignore_ament_install'
[1.693s] Level 1:colcon.colcon_core.package_identification:_identify(ydlidar_ros2_driver-master) by extensions ['colcon_pkg']
[1.693s] Level 1:colcon.colcon_core.package_identification:_identify(ydlidar_ros2_driver-master) by extension 'colcon_pkg'
[1.693s] Level 1:colcon.colcon_core.package_identification:_identify(ydlidar_ros2_driver-master) by extensions ['colcon_meta']
[1.693s] Level 1:colcon.colcon_core.package_identification:_identify(ydlidar_ros2_driver-master) by extension 'colcon_meta'
[1.693s] Level 1:colcon.colcon_core.package_identification:_identify(ydlidar_ros2_driver-master) by extensions ['ros']
[1.693s] Level 1:colcon.colcon_core.package_identification:_identify(ydlidar_ros2_driver-master) by extension 'ros'
[1.702s] DEBUG:colcon.colcon_core.package_identification:Package 'ydlidar_ros2_driver-master' with type 'ros.ament_cmake' and name 'ydlidar_ros2_driver'
[1.703s] Level 1:colcon.colcon_core.package_discovery:discover_packages(recursive) using defaults
[1.703s] Level 1:colcon.colcon_core.package_discovery:discover_packages(ignore) discover
[1.703s] Level 1:colcon.colcon_core.package_discovery:discover_packages(ignore) using defaults
[1.703s] Level 1:colcon.colcon_core.package_discovery:discover_packages(path) discover
[1.703s] Level 1:colcon.colcon_core.package_discovery:discover_packages(path) using defaults
[1.784s] Level 1:colcon.colcon_core.package_discovery:discover_packages(prefix_path) check parameters
[1.785s] Level 1:colcon.colcon_core.package_discovery:discover_packages(prefix_path) discover
[1.840s] DEBUG:colcon.colcon_installed_package_information.package_discovery:Found 270 installed packages in /opt/ros/humble
[1.847s] Level 1:colcon.colcon_core.package_discovery:discover_packages(prefix_path) using defaults
[2.013s] Level 5:colcon.colcon_core.verb:set package 'ydlidar_ros2_driver' build argument 'cmake_args' from command line to 'None'
[2.013s] Level 5:colcon.colcon_core.verb:set package 'ydlidar_ros2_driver' build argument 'cmake_target' from command line to 'None'
[2.014s] Level 5:colcon.colcon_core.verb:set package 'ydlidar_ros2_driver' build argument 'cmake_target_skip_unavailable' from command line to 'False'
[2.014s] Level 5:colcon.colcon_core.verb:set package 'ydlidar_ros2_driver' build argument 'cmake_clean_cache' from command line to 'False'
[2.014s] Level 5:colcon.colcon_core.verb:set package 'ydlidar_ros2_driver' build argument 'cmake_clean_first' from command line to 'False'
[2.014s] Level 5:colcon.colcon_core.verb:set package 'ydlidar_ros2_driver' build argument 'cmake_force_configure' from command line to 'False'
[2.014s] Level 5:colcon.colcon_core.verb:set package 'ydlidar_ros2_driver' build argument 'ament_cmake_args' from command line to 'None'
[2.014s] Level 5:colcon.colcon_core.verb:set package 'ydlidar_ros2_driver' build argument 'catkin_cmake_args' from command line to 'None'
[2.014s] Level 5:colcon.colcon_core.verb:set package 'ydlidar_ros2_driver' build argument 'catkin_skip_building_tests' from command line to 'False'
[2.014s] DEBUG:colcon.colcon_core.verb:Building package 'ydlidar_ros2_driver' with the following arguments: {'ament_cmake_args': None, 'build_base': '/home/wong/Documents/rasp_ros2/build/ydlidar_ros2_driver', 'catkin_cmake_args': None, 'catkin_skip_building_tests': False, 'cmake_args': None, 'cmake_clean_cache': False, 'cmake_clean_first': False, 'cmake_force_configure': False, 'cmake_target': None, 'cmake_target_skip_unavailable': False, 'install_base': '/home/wong/Documents/rasp_ros2/install/ydlidar_ros2_driver', 'merge_install': False, 'path': '/home/wong/Documents/rasp_ros2/ydlidar_ros2_driver-master', 'symlink_install': True, 'test_result_base': None}
[2.016s] Level 5:colcon.colcon_core.verb:set package 'ydlidar_sdk' build argument 'cmake_args' from command line to 'None'
[2.016s] Level 5:colcon.colcon_core.verb:set package 'ydlidar_sdk' build argument 'cmake_target' from command line to 'None'
[2.016s] Level 5:colcon.colcon_core.verb:set package 'ydlidar_sdk' build argument 'cmake_target_skip_unavailable' from command line to 'False'
[2.017s] Level 5:colcon.colcon_core.verb:set package 'ydlidar_sdk' build argument 'cmake_clean_cache' from command line to 'False'
[2.017s] Level 5:colcon.colcon_core.verb:set package 'ydlidar_sdk' build argument 'cmake_clean_first' from command line to 'False'
[2.017s] Level 5:colcon.colcon_core.verb:set package 'ydlidar_sdk' build argument 'cmake_force_configure' from command line to 'False'
[2.017s] Level 5:colcon.colcon_core.verb:set package 'ydlidar_sdk' build argument 'ament_cmake_args' from command line to 'None'
[2.017s] Level 5:colcon.colcon_core.verb:set package 'ydlidar_sdk' build argument 'catkin_cmake_args' from command line to 'None'
[2.017s] Level 5:colcon.colcon_core.verb:set package 'ydlidar_sdk' build argument 'catkin_skip_building_tests' from command line to 'False'
[2.017s] DEBUG:colcon.colcon_core.verb:Building package 'ydlidar_sdk' with the following arguments: {'ament_cmake_args': None, 'build_base': '/home/wong/Documents/rasp_ros2/build/ydlidar_sdk', 'catkin_cmake_args': None, 'catkin_skip_building_tests': False, 'cmake_args': None, 'cmake_clean_cache': False, 'cmake_clean_first': False, 'cmake_force_configure': False, 'cmake_target': None, 'cmake_target_skip_unavailable': False, 'install_base': '/home/wong/Documents/rasp_ros2/install/ydlidar_sdk', 'merge_install': False, 'path': '/home/wong/Documents/rasp_ros2/YDLidar-SDK-master', 'symlink_install': True, 'test_result_base': None}
[2.018s] INFO:colcon.colcon_core.executor:Executing jobs using 'parallel' executor
[2.021s] DEBUG:colcon.colcon_parallel_executor.executor.parallel:run_until_complete
[2.022s] INFO:colcon.colcon_ros.task.ament_cmake.build:Building ROS package in '/home/wong/Documents/rasp_ros2/ydlidar_ros2_driver-master' with build type 'ament_cmake'
[2.023s] INFO:colcon.colcon_cmake.task.cmake.build:Building CMake package in '/home/wong/Documents/rasp_ros2/ydlidar_ros2_driver-master'
[2.032s] INFO:colcon.colcon_core.plugin_system:Skipping extension 'colcon_core.shell.bat': Not used on non-Windows systems
[2.033s] INFO:colcon.colcon_core.shell:Skip shell extension 'powershell' for command environment: Not usable outside of PowerShell
[2.033s] DEBUG:colcon.colcon_core.shell:Skip shell extension 'dsv' for command environment
[2.050s] INFO:colcon.colcon_cmake.task.cmake.build:Building CMake package in '/home/wong/Documents/rasp_ros2/YDLidar-SDK-master'
[2.051s] INFO:colcon.colcon_core.shell:Skip shell extension 'powershell' for command environment: Not usable outside of PowerShell
[2.052s] DEBUG:colcon.colcon_core.shell:Skip shell extension 'dsv' for command environment
[2.089s] DEBUG:colcon.colcon_core.event_handler.log_command:Invoking command in '/home/wong/Documents/rasp_ros2/build/ydlidar_ros2_driver': /usr/bin/cmake /home/wong/Documents/rasp_ros2/ydlidar_ros2_driver-master -DAMENT_CMAKE_SYMLINK_INSTALL=1 -DCMAKE_INSTALL_PREFIX=/home/wong/Documents/rasp_ros2/install/ydlidar_ros2_driver
[2.112s] DEBUG:colcon.colcon_core.event_handler.log_command:Invoking command in '/home/wong/Documents/rasp_ros2/build/ydlidar_sdk': /usr/bin/cmake --build /home/wong/Documents/rasp_ros2/build/ydlidar_sdk -- -j4 -l4
[15.395s] DEBUG:colcon.colcon_core.event_handler.log_command:Invoked command in '/home/wong/Documents/rasp_ros2/build/ydlidar_ros2_driver' returned '0': /usr/bin/cmake /home/wong/Documents/rasp_ros2/ydlidar_ros2_driver-master -DAMENT_CMAKE_SYMLINK_INSTALL=1 -DCMAKE_INSTALL_PREFIX=/home/wong/Documents/rasp_ros2/install/ydlidar_ros2_driver
[15.401s] DEBUG:colcon.colcon_core.event_handler.log_command:Invoking command in '/home/wong/Documents/rasp_ros2/build/ydlidar_ros2_driver': /usr/bin/cmake --build /home/wong/Documents/rasp_ros2/build/ydlidar_ros2_driver -- -j4 -l4
[20.621s] DEBUG:colcon.colcon_core.event_handler.log_command:Invoked command in '/home/wong/Documents/rasp_ros2/build/ydlidar_sdk' returned '0': /usr/bin/cmake --build /home/wong/Documents/rasp_ros2/build/ydlidar_sdk -- -j4 -l4
[21.104s] DEBUG:colcon.colcon_core.event_handler.log_command:Invoking command in '/home/wong/Documents/rasp_ros2/build/ydlidar_sdk': /usr/bin/cmake --install /home/wong/Documents/rasp_ros2/build/ydlidar_sdk
[21.479s] Level 1:colcon.colcon_core.environment:create_environment_scripts_only(ydlidar_sdk)
[21.503s] DEBUG:colcon.colcon_core.event_handler.log_command:Invoked command in '/home/wong/Documents/rasp_ros2/build/ydlidar_sdk' returned '0': /usr/bin/cmake --install /home/wong/Documents/rasp_ros2/build/ydlidar_sdk
[21.509s] Level 1:colcon.colcon_core.environment:checking '/home/wong/Documents/rasp_ros2/install/ydlidar_sdk' for CMake module files
[21.515s] Level 1:colcon.colcon_core.environment:checking '/home/wong/Documents/rasp_ros2/install/ydlidar_sdk' for CMake config files
[21.517s] Level 1:colcon.colcon_core.shell:create_environment_hook('ydlidar_sdk', 'cmake_prefix_path')
[21.519s] INFO:colcon.colcon_core.shell:Creating environment hook '/home/wong/Documents/rasp_ros2/install/ydlidar_sdk/share/ydlidar_sdk/hook/cmake_prefix_path.ps1'
[21.528s] INFO:colcon.colcon_core.shell:Creating environment descriptor '/home/wong/Documents/rasp_ros2/install/ydlidar_sdk/share/ydlidar_sdk/hook/cmake_prefix_path.dsv'
[21.535s] INFO:colcon.colcon_core.shell:Creating environment hook '/home/wong/Documents/rasp_ros2/install/ydlidar_sdk/share/ydlidar_sdk/hook/cmake_prefix_path.sh'
[21.543s] Level 1:colcon.colcon_core.environment:checking '/home/wong/Documents/rasp_ros2/install/ydlidar_sdk/lib'
[21.545s] Level 1:colcon.colcon_core.environment:checking '/home/wong/Documents/rasp_ros2/install/ydlidar_sdk/bin'
[21.546s] Level 1:colcon.colcon_core.shell:create_environment_hook('ydlidar_sdk', 'path')
[21.548s] INFO:colcon.colcon_core.shell:Creating environment hook '/home/wong/Documents/rasp_ros2/install/ydlidar_sdk/share/ydlidar_sdk/hook/path.ps1'
[21.552s] INFO:colcon.colcon_core.shell:Creating environment descriptor '/home/wong/Documents/rasp_ros2/install/ydlidar_sdk/share/ydlidar_sdk/hook/path.dsv'
[21.556s] INFO:colcon.colcon_core.shell:Creating environment hook '/home/wong/Documents/rasp_ros2/install/ydlidar_sdk/share/ydlidar_sdk/hook/path.sh'
[21.562s] Level 1:colcon.colcon_core.environment:checking '/home/wong/Documents/rasp_ros2/install/ydlidar_sdk/lib/pkgconfig/ydlidar_sdk.pc'
[21.565s] Level 1:colcon.colcon_core.environment:checking '/home/wong/Documents/rasp_ros2/install/ydlidar_sdk/lib/python3.10/site-packages'
[21.567s] Level 1:colcon.colcon_core.environment:checking '/home/wong/Documents/rasp_ros2/install/ydlidar_sdk/bin'
[21.568s] Level 1:colcon.colcon_core.shell:create_environment_hook('ydlidar_sdk', 'pythonscriptspath')
[21.570s] INFO:colcon.colcon_core.shell:Creating environment hook '/home/wong/Documents/rasp_ros2/install/ydlidar_sdk/share/ydlidar_sdk/hook/pythonscriptspath.ps1'
[21.575s] INFO:colcon.colcon_core.shell:Creating environment descriptor '/home/wong/Documents/rasp_ros2/install/ydlidar_sdk/share/ydlidar_sdk/hook/pythonscriptspath.dsv'
[21.580s] INFO:colcon.colcon_core.shell:Creating environment hook '/home/wong/Documents/rasp_ros2/install/ydlidar_sdk/share/ydlidar_sdk/hook/pythonscriptspath.sh'
[21.587s] INFO:colcon.colcon_core.shell:Creating package script '/home/wong/Documents/rasp_ros2/install/ydlidar_sdk/share/ydlidar_sdk/package.ps1'
[21.593s] INFO:colcon.colcon_core.shell:Creating package descriptor '/home/wong/Documents/rasp_ros2/install/ydlidar_sdk/share/ydlidar_sdk/package.dsv'
[21.598s] INFO:colcon.colcon_core.shell:Creating package script '/home/wong/Documents/rasp_ros2/install/ydlidar_sdk/share/ydlidar_sdk/package.sh'
[21.603s] INFO:colcon.colcon_core.shell:Creating package script '/home/wong/Documents/rasp_ros2/install/ydlidar_sdk/share/ydlidar_sdk/package.bash'
[21.608s] INFO:colcon.colcon_core.shell:Creating package script '/home/wong/Documents/rasp_ros2/install/ydlidar_sdk/share/ydlidar_sdk/package.zsh'
[21.613s] Level 1:colcon.colcon_core.environment:create_file_with_runtime_dependencies(/home/wong/Documents/rasp_ros2/install/ydlidar_sdk/share/colcon-core/packages/ydlidar_sdk)
[55.356s] DEBUG:colcon.colcon_core.event_handler.log_command:Invoked command in '/home/wong/Documents/rasp_ros2/build/ydlidar_ros2_driver' returned '2': /usr/bin/cmake --build /home/wong/Documents/rasp_ros2/build/ydlidar_ros2_driver -- -j4 -l4
[55.513s] Level 1:colcon.colcon_core.environment:create_environment_scripts_only(ydlidar_ros2_driver)
[55.515s] Level 1:colcon.colcon_core.environment:checking '/home/wong/Documents/rasp_ros2/install/ydlidar_ros2_driver' for CMake module files
[55.517s] Level 1:colcon.colcon_core.environment:checking '/home/wong/Documents/rasp_ros2/install/ydlidar_ros2_driver' for CMake config files
[55.519s] Level 1:colcon.colcon_core.environment:checking '/home/wong/Documents/rasp_ros2/install/ydlidar_ros2_driver/bin'
[55.519s] Level 1:colcon.colcon_core.environment:checking '/home/wong/Documents/rasp_ros2/install/ydlidar_ros2_driver/lib/pkgconfig/ydlidar_ros2_driver.pc'
[55.520s] Level 1:colcon.colcon_core.environment:checking '/home/wong/Documents/rasp_ros2/install/ydlidar_ros2_driver/lib/python3.10/site-packages'
[55.521s] Level 1:colcon.colcon_core.environment:checking '/home/wong/Documents/rasp_ros2/install/ydlidar_ros2_driver/bin'
[55.522s] INFO:colcon.colcon_core.shell:Creating package script '/home/wong/Documents/rasp_ros2/install/ydlidar_ros2_driver/share/ydlidar_ros2_driver/package.ps1'
[55.525s] INFO:colcon.colcon_core.shell:Creating package descriptor '/home/wong/Documents/rasp_ros2/install/ydlidar_ros2_driver/share/ydlidar_ros2_driver/package.dsv'
[55.528s] INFO:colcon.colcon_core.shell:Creating package script '/home/wong/Documents/rasp_ros2/install/ydlidar_ros2_driver/share/ydlidar_ros2_driver/package.sh'
[55.531s] INFO:colcon.colcon_core.shell:Creating package script '/home/wong/Documents/rasp_ros2/install/ydlidar_ros2_driver/share/ydlidar_ros2_driver/package.bash'
[55.535s] INFO:colcon.colcon_core.shell:Creating package script '/home/wong/Documents/rasp_ros2/install/ydlidar_ros2_driver/share/ydlidar_ros2_driver/package.zsh'
[55.538s] Level 1:colcon.colcon_core.environment:create_file_with_runtime_dependencies(/home/wong/Documents/rasp_ros2/install/ydlidar_ros2_driver/share/colcon-core/packages/ydlidar_ros2_driver)
[55.550s] DEBUG:colcon.colcon_parallel_executor.executor.parallel:closing loop
[55.551s] DEBUG:colcon.colcon_parallel_executor.executor.parallel:loop closed
[55.552s] DEBUG:colcon.colcon_parallel_executor.executor.parallel:run_until_complete finished with '2'
[55.553s] DEBUG:colcon.colcon_core.event_reactor:joining thread
[55.616s] INFO:colcon.colcon_core.plugin_system:Skipping extension 'colcon_notification.desktop_notification.terminal_notifier': Not used on non-Darwin systems
[55.617s] INFO:colcon.colcon_core.plugin_system:Skipping extension 'colcon_notification.desktop_notification.win32': Not used on non-Windows systems
[55.617s] INFO:colcon.colcon_notification.desktop_notification:Sending desktop notification using 'notify2'
[55.687s] DEBUG:colcon.colcon_core.event_reactor:joined thread
[55.689s] INFO:colcon.colcon_core.shell:Creating prefix script '/home/wong/Documents/rasp_ros2/install/local_setup.ps1'
[55.695s] INFO:colcon.colcon_core.shell:Creating prefix util module '/home/wong/Documents/rasp_ros2/install/_local_setup_util_ps1.py'
[55.704s] INFO:colcon.colcon_core.shell:Creating prefix chain script '/home/wong/Documents/rasp_ros2/install/setup.ps1'
[55.710s] INFO:colcon.colcon_core.shell:Creating prefix script '/home/wong/Documents/rasp_ros2/install/local_setup.sh'
[55.715s] INFO:colcon.colcon_core.shell:Creating prefix util module '/home/wong/Documents/rasp_ros2/install/_local_setup_util_sh.py'
[55.719s] INFO:colcon.colcon_core.shell:Creating prefix chain script '/home/wong/Documents/rasp_ros2/install/setup.sh'
[55.726s] INFO:colcon.colcon_core.shell:Creating prefix script '/home/wong/Documents/rasp_ros2/install/local_setup.bash'
[55.731s] INFO:colcon.colcon_core.shell:Creating prefix chain script '/home/wong/Documents/rasp_ros2/install/setup.bash'
[55.737s] INFO:colcon.colcon_core.shell:Creating prefix script '/home/wong/Documents/rasp_ros2/install/local_setup.zsh'
[55.740s] INFO:colcon.colcon_core.shell:Creating prefix chain script '/home/wong/Documents/rasp_ros2/install/setup.zsh'
