[0.048s] Invoking command in '/home/wong/Documents/rasp_ros2/build/ydlidar_sdk': /usr/bin/cmake /home/wong/Documents/rasp_ros2/YDLidar-SDK-master -DCMAKE_INSTALL_PREFIX=/home/wong/Documents/rasp_ros2/install/ydlidar_sdk
[0.076s] [0mCMake Deprecation Warning at CMakeLists.txt:1 (cmake_minimum_required):
[0.077s]   Compatibility with CMake < 2.8.12 will be removed from a future version of
[0.077s]   CMake.
[0.078s] 
[0.079s]   Update the VERSION argument <min> value or use a ...<max> suffix to tell
[0.079s]   CMake that the project does not need compatibility with older versions.
[0.079s] 
[0.080s] [0m
[0.326s] -- The C compiler identification is GNU 11.4.0
[0.629s] -- The CXX compiler identification is GNU 11.4.0
[0.662s] -- Detecting C compiler ABI info
[0.991s] -- Detecting C compiler ABI info - done
[1.020s] -- Check for working C compiler: /usr/bin/cc - skipped
[1.021s] -- Detecting C compile features
[1.023s] -- Detecting C compile features - done
[1.036s] -- Detecting CXX compiler ABI info
[1.397s] -- Detecting CXX compiler ABI info - done
[1.426s] -- Check for working CXX compiler: /usr/bin/c++ - skipped
[1.427s] -- Detecting CXX compile features
[1.429s] -- Detecting CXX compile features - done
[1.435s] [0mCMake Deprecation Warning at CMakeLists.txt:44 (cmake_policy):
[1.436s]   The OLD behavior for policy CMP0053 will be removed from a future version
[1.436s]   of CMake.
[1.436s] 
[1.437s]   The cmake-policies(7) manual explains that the OLD behaviors of all
[1.437s]   policies are deprecated and that a policy should be set to OLD only under
[1.437s]   specific short-term circumstances.  Projects should be ported to the NEW
[1.437s]   behavior and not rely on setting a policy to OLD.
[1.438s] 
[1.438s] [0m
[1.438s] [0mCMake Deprecation Warning at CMakeLists.txt:47 (cmake_policy):
[1.438s]   The OLD behavior for policy CMP0037 will be removed from a future version
[1.439s]   of CMake.
[1.439s] 
[1.439s]   The cmake-policies(7) manual explains that the OLD behaviors of all
[1.439s]   policies are deprecated and that a policy should be set to OLD only under
[1.440s]   specific short-term circumstances.  Projects should be ported to the NEW
[1.440s]   behavior and not rely on setting a policy to OLD.
[1.440s] 
[1.441s] [0m
[1.441s] [0mCMake Deprecation Warning at CMakeLists.txt:50 (cmake_policy):
[1.442s]   The OLD behavior for policy CMP0043 will be removed from a future version
[1.442s]   of CMake.
[1.442s] 
[1.443s]   The cmake-policies(7) manual explains that the OLD behaviors of all
[1.443s]   policies are deprecated and that a policy should be set to OLD only under
[1.443s]   specific short-term circumstances.  Projects should be ported to the NEW
[1.443s]   behavior and not rely on setting a policy to OLD.
[1.444s] 
[1.444s] [0m
[1.444s] -- Could NOT find SWIG (missing: SWIG_EXECUTABLE SWIG_DIR) 
[1.535s] -- Found PythonInterp: /usr/bin/python3.10 (found version "3.10.12") 
[1.637s] -- Found PythonLibs: /usr/lib/aarch64-linux-gnu/libpython3.10.so (found version "3.10.12") 
[2.309s] -- Found GTest: /usr/lib/aarch64-linux-gnu/cmake/GTest/GTestConfig.cmake (found version "1.11.0")  
[2.312s] [0mCMake Deprecation Warning at core/CMakeLists.txt:1 (cmake_minimum_required):
[2.312s]   Compatibility with CMake < 2.8.12 will be removed from a future version of
[2.313s]   CMake.
[2.313s] 
[2.313s]   Update the VERSION argument <min> value or use a ...<max> suffix to tell
[2.314s]   CMake that the project does not need compatibility with older versions.
[2.314s] 
[2.314s] [0m
[2.341s] [0mCMake Deprecation Warning at samples/CMakeLists.txt:2 (cmake_minimum_required):
[2.342s]   Compatibility with CMake < 2.8.12 will be removed from a future version of
[2.343s]   CMake.
[2.343s] 
[2.344s]   Update the VERSION argument <min> value or use a ...<max> suffix to tell
[2.344s]   CMake that the project does not need compatibility with older versions.
[2.344s] 
[2.345s] [0m
[2.351s] -- build test is ON.....
[2.354s] [0mCMake Deprecation Warning at cmake/install_package.cmake:101 (cmake_policy):
[2.355s]   The OLD behavior for policy CMP0026 will be removed from a future version
[2.355s]   of CMake.
[2.355s] 
[2.356s]   The cmake-policies(7) manual explains that the OLD behaviors of all
[2.356s]   policies are deprecated and that a policy should be set to OLD only under
[2.356s]   specific short-term circumstances.  Projects should be ported to the NEW
[2.357s]   behavior and not rely on setting a policy to OLD.
[2.357s] Call Stack (most recent call first):
[2.357s]   CMakeLists.txt:161 (install_package)
[2.358s] 
[2.358s] [0m
[2.365s] [33mCMake Warning (dev) at cmake/install_package.cmake:191 (install):
[2.365s]   Policy CMP0062 is not set: Disallow install() of export() result.  Run
[2.365s]   "cmake --help-policy CMP0062" for policy details.  Use the cmake_policy
[2.366s]   command to set the policy and suppress this warning.
[2.366s] 
[2.366s]   The file
[2.367s] 
[2.367s]     /home/wong/Documents/rasp_ros2/build/ydlidar_sdk/ydlidar_sdkTargets.cmake
[2.367s] 
[2.368s]   was generated by the export() command.  It should not be installed with the
[2.368s]   install() command.  Use the install(EXPORT) mechanism instead.  See the
[2.368s]   cmake-packages(7) manual for more.
[2.369s] 
[2.369s] Call Stack (most recent call first):
[2.369s]   CMakeLists.txt:161 (install_package)
[2.369s] This warning is for project developers.  Use -Wno-dev to suppress it.
[2.370s] [0m
[2.395s] -- 
[2.397s] -- +===========================================================================+
[2.398s] -- |         Resulting configuration for                             |
[2.399s] -- +===========================================================================+
[2.399s] --  _________________________ PLATFORM _____________________________
[2.400s] --  Host                        : Linux5.15.0-1063-raspiaarch64
[2.400s] --  Is the system big endian?   :  No 
[2.401s] --  Word size (32/64 bit)       : 64
[2.401s] --  CMake version               : 3.22.1
[2.401s] --  CMake generator             : Unix Makefiles
[2.402s] --  CMake build tool            : /usr/bin/gmake
[2.402s] --  Compiler                    : GNU
[2.402s] --  Configuration               : 
[2.402s] -- 
[2.403s] --  __________________________ OPTIONS _____________________________
[2.403s] --  Build YDLidar-SDK as a shared library?　　 :  No 
[2.403s] --  Build Examples?　　　　　　　　　　　　　　 : Yes 
[2.403s] --  Build C Sharp API?　　　　　　　　　　　　 :  No 
[2.404s] --  Build TEST?  			　　　 : Yes 
[2.404s] -- 
[2.404s] --  _________________________ INSTALL _____________________
[2.405s] --  Install prefix                    : /home/wong/Documents/rasp_ros2/install/ydlidar_sdk
[2.405s] -- 
[2.405s] --  _______________________ WRAPPERS/BINDINGS ______________________
[2.405s] --  Python bindings (pyydlidar)   :  No 
[2.406s] --   - dep: Swig found?       :  No [Version: ]
[2.406s] --   - dep: PythonLibs found?  : Yes [Version: 3.10.12]
[2.406s] -- 
[2.407s] -- Configuring done
[2.494s] -- Generating done
[2.506s] -- Build files have been written to: /home/wong/Documents/rasp_ros2/build/ydlidar_sdk
