[0.490s] DEBUG:colcon:Command line arguments: ['/usr/bin/colcon', 'build', '--symlink-install']
[0.490s] DEBUG:colcon:Parsed command line arguments: Namespace(log_base=None, log_level=None, verb_name='build', build_base='build', install_base='install', merge_install=False, symlink_install=True, test_result_base=None, continue_on_error=False, executor='parallel', parallel_workers=4, event_handlers=None, ignore_user_meta=False, metas=['./colcon.meta'], base_paths=['.'], packages_ignore=None, packages_ignore_regex=None, paths=None, packages_up_to=None, packages_up_to_regex=None, packages_above=None, packages_above_and_dependencies=None, packages_above_depth=None, packages_select_by_dep=None, packages_skip_by_dep=None, packages_skip_up_to=None, packages_select_build_failed=False, packages_skip_build_finished=False, packages_select_test_failures=False, packages_skip_test_passed=False, packages_select=None, packages_skip=None, packages_select_regex=None, packages_skip_regex=None, packages_start=None, packages_end=None, allow_overriding=[], cmake_args=None, cmake_target=None, cmake_target_skip_unavailable=False, cmake_clean_cache=False, cmake_clean_first=False, cmake_force_configure=False, ament_cmake_args=None, catkin_cmake_args=None, catkin_skip_building_tests=False, mixin_files=None, mixin=None, verb_parser=<colcon_mixin.mixin.mixin_argument.MixinArgumentDecorator object at 0xffff97481ba0>, verb_extension=<colcon_core.verb.build.BuildVerb object at 0xffff9759a1d0>, main=<bound method BuildVerb.main of <colcon_core.verb.build.BuildVerb object at 0xffff9759a1d0>>, mixin_verb=('build',))
[1.292s] Level 1:colcon.colcon_core.package_discovery:discover_packages(colcon_meta) check parameters
[1.292s] Level 1:colcon.colcon_core.package_discovery:discover_packages(recursive) check parameters
[1.292s] Level 1:colcon.colcon_core.package_discovery:discover_packages(ignore) check parameters
[1.292s] Level 1:colcon.colcon_core.package_discovery:discover_packages(path) check parameters
[1.293s] Level 1:colcon.colcon_core.package_discovery:discover_packages(colcon_meta) discover
[1.293s] Level 1:colcon.colcon_core.package_discovery:discover_packages(recursive) discover
[1.293s] INFO:colcon.colcon_core.package_discovery:Crawling recursively for packages in '/home/wong/Documents/rasp_ros2'
[1.294s] Level 1:colcon.colcon_core.package_identification:_identify(.) by extensions ['ignore', 'ignore_ament_install']
[1.294s] Level 1:colcon.colcon_core.package_identification:_identify(.) by extension 'ignore'
[1.294s] Level 1:colcon.colcon_core.package_identification:_identify(.) by extension 'ignore_ament_install'
[1.295s] Level 1:colcon.colcon_core.package_identification:_identify(.) by extensions ['colcon_pkg']
[1.295s] Level 1:colcon.colcon_core.package_identification:_identify(.) by extension 'colcon_pkg'
[1.295s] Level 1:colcon.colcon_core.package_identification:_identify(.) by extensions ['colcon_meta']
[1.295s] Level 1:colcon.colcon_core.package_identification:_identify(.) by extension 'colcon_meta'
[1.295s] Level 1:colcon.colcon_core.package_identification:_identify(.) by extensions ['ros']
[1.295s] Level 1:colcon.colcon_core.package_identification:_identify(.) by extension 'ros'
[1.343s] Level 1:colcon.colcon_core.package_identification:_identify(.) by extensions ['cmake', 'python']
[1.343s] Level 1:colcon.colcon_core.package_identification:_identify(.) by extension 'cmake'
[1.343s] Level 1:colcon.colcon_core.package_identification:_identify(.) by extension 'python'
[1.343s] Level 1:colcon.colcon_core.package_identification:_identify(.) by extensions ['python_setup_py']
[1.343s] Level 1:colcon.colcon_core.package_identification:_identify(.) by extension 'python_setup_py'
[1.344s] Level 1:colcon.colcon_core.package_identification:_identify(YDLidar-SDK-master) by extensions ['ignore', 'ignore_ament_install']
[1.345s] Level 1:colcon.colcon_core.package_identification:_identify(YDLidar-SDK-master) by extension 'ignore'
[1.346s] Level 1:colcon.colcon_core.package_identification:_identify(YDLidar-SDK-master) by extension 'ignore_ament_install'
[1.346s] Level 1:colcon.colcon_core.package_identification:_identify(YDLidar-SDK-master) by extensions ['colcon_pkg']
[1.346s] Level 1:colcon.colcon_core.package_identification:_identify(YDLidar-SDK-master) by extension 'colcon_pkg'
[1.346s] Level 1:colcon.colcon_core.package_identification:_identify(YDLidar-SDK-master) by extensions ['colcon_meta']
[1.346s] Level 1:colcon.colcon_core.package_identification:_identify(YDLidar-SDK-master) by extension 'colcon_meta'
[1.347s] Level 1:colcon.colcon_core.package_identification:_identify(YDLidar-SDK-master) by extensions ['ros']
[1.347s] Level 1:colcon.colcon_core.package_identification:_identify(YDLidar-SDK-master) by extension 'ros'
[1.347s] Level 1:colcon.colcon_core.package_identification:_identify(YDLidar-SDK-master) by extensions ['cmake', 'python']
[1.347s] Level 1:colcon.colcon_core.package_identification:_identify(YDLidar-SDK-master) by extension 'cmake'
[1.422s] Level 1:colcon.colcon_core.package_identification:_identify(YDLidar-SDK-master) by extension 'python'
[1.423s] DEBUG:colcon.colcon_core.package_identification:Package 'YDLidar-SDK-master' with type 'cmake' and name 'ydlidar_sdk'
[1.423s] Level 1:colcon.colcon_core.package_identification:_identify(build) by extensions ['ignore', 'ignore_ament_install']
[1.424s] Level 1:colcon.colcon_core.package_identification:_identify(build) by extension 'ignore'
[1.424s] Level 1:colcon.colcon_core.package_identification:_identify(build) ignored
[1.425s] Level 1:colcon.colcon_core.package_identification:_identify(install) by extensions ['ignore', 'ignore_ament_install']
[1.425s] Level 1:colcon.colcon_core.package_identification:_identify(install) by extension 'ignore'
[1.425s] Level 1:colcon.colcon_core.package_identification:_identify(install) ignored
[1.426s] Level 1:colcon.colcon_core.package_identification:_identify(log) by extensions ['ignore', 'ignore_ament_install']
[1.426s] Level 1:colcon.colcon_core.package_identification:_identify(log) by extension 'ignore'
[1.426s] Level 1:colcon.colcon_core.package_identification:_identify(log) ignored
[1.427s] Level 1:colcon.colcon_core.package_identification:_identify(models) by extensions ['ignore', 'ignore_ament_install']
[1.427s] Level 1:colcon.colcon_core.package_identification:_identify(models) by extension 'ignore'
[1.427s] Level 1:colcon.colcon_core.package_identification:_identify(models) by extension 'ignore_ament_install'
[1.428s] Level 1:colcon.colcon_core.package_identification:_identify(models) by extensions ['colcon_pkg']
[1.428s] Level 1:colcon.colcon_core.package_identification:_identify(models) by extension 'colcon_pkg'
[1.428s] Level 1:colcon.colcon_core.package_identification:_identify(models) by extensions ['colcon_meta']
[1.428s] Level 1:colcon.colcon_core.package_identification:_identify(models) by extension 'colcon_meta'
[1.428s] Level 1:colcon.colcon_core.package_identification:_identify(models) by extensions ['ros']
[1.428s] Level 1:colcon.colcon_core.package_identification:_identify(models) by extension 'ros'
[1.429s] Level 1:colcon.colcon_core.package_identification:_identify(models) by extensions ['cmake', 'python']
[1.429s] Level 1:colcon.colcon_core.package_identification:_identify(models) by extension 'cmake'
[1.429s] Level 1:colcon.colcon_core.package_identification:_identify(models) by extension 'python'
[1.429s] Level 1:colcon.colcon_core.package_identification:_identify(models) by extensions ['python_setup_py']
[1.429s] Level 1:colcon.colcon_core.package_identification:_identify(models) by extension 'python_setup_py'
[1.430s] Level 1:colcon.colcon_core.package_identification:_identify(runs) by extensions ['ignore', 'ignore_ament_install']
[1.430s] Level 1:colcon.colcon_core.package_identification:_identify(runs) by extension 'ignore'
[1.430s] Level 1:colcon.colcon_core.package_identification:_identify(runs) by extension 'ignore_ament_install'
[1.431s] Level 1:colcon.colcon_core.package_identification:_identify(runs) by extensions ['colcon_pkg']
[1.431s] Level 1:colcon.colcon_core.package_identification:_identify(runs) by extension 'colcon_pkg'
[1.431s] Level 1:colcon.colcon_core.package_identification:_identify(runs) by extensions ['colcon_meta']
[1.431s] Level 1:colcon.colcon_core.package_identification:_identify(runs) by extension 'colcon_meta'
[1.431s] Level 1:colcon.colcon_core.package_identification:_identify(runs) by extensions ['ros']
[1.431s] Level 1:colcon.colcon_core.package_identification:_identify(runs) by extension 'ros'
[1.432s] Level 1:colcon.colcon_core.package_identification:_identify(runs) by extensions ['cmake', 'python']
[1.432s] Level 1:colcon.colcon_core.package_identification:_identify(runs) by extension 'cmake'
[1.432s] Level 1:colcon.colcon_core.package_identification:_identify(runs) by extension 'python'
[1.432s] Level 1:colcon.colcon_core.package_identification:_identify(runs) by extensions ['python_setup_py']
[1.433s] Level 1:colcon.colcon_core.package_identification:_identify(runs) by extension 'python_setup_py'
[1.433s] Level 1:colcon.colcon_core.package_identification:_identify(ydlidar_ros2_driver-master) by extensions ['ignore', 'ignore_ament_install']
[1.433s] Level 1:colcon.colcon_core.package_identification:_identify(ydlidar_ros2_driver-master) by extension 'ignore'
[1.434s] Level 1:colcon.colcon_core.package_identification:_identify(ydlidar_ros2_driver-master) by extension 'ignore_ament_install'
[1.434s] Level 1:colcon.colcon_core.package_identification:_identify(ydlidar_ros2_driver-master) by extensions ['colcon_pkg']
[1.434s] Level 1:colcon.colcon_core.package_identification:_identify(ydlidar_ros2_driver-master) by extension 'colcon_pkg'
[1.434s] Level 1:colcon.colcon_core.package_identification:_identify(ydlidar_ros2_driver-master) by extensions ['colcon_meta']
[1.434s] Level 1:colcon.colcon_core.package_identification:_identify(ydlidar_ros2_driver-master) by extension 'colcon_meta'
[1.435s] Level 1:colcon.colcon_core.package_identification:_identify(ydlidar_ros2_driver-master) by extensions ['ros']
[1.435s] Level 1:colcon.colcon_core.package_identification:_identify(ydlidar_ros2_driver-master) by extension 'ros'
[1.444s] DEBUG:colcon.colcon_core.package_identification:Package 'ydlidar_ros2_driver-master' with type 'ros.ament_cmake' and name 'ydlidar_ros2_driver'
[1.444s] Level 1:colcon.colcon_core.package_discovery:discover_packages(recursive) using defaults
[1.444s] Level 1:colcon.colcon_core.package_discovery:discover_packages(ignore) discover
[1.444s] Level 1:colcon.colcon_core.package_discovery:discover_packages(ignore) using defaults
[1.444s] Level 1:colcon.colcon_core.package_discovery:discover_packages(path) discover
[1.445s] Level 1:colcon.colcon_core.package_discovery:discover_packages(path) using defaults
[1.529s] Level 1:colcon.colcon_core.package_discovery:discover_packages(prefix_path) check parameters
[1.529s] Level 1:colcon.colcon_core.package_discovery:discover_packages(prefix_path) discover
[1.580s] DEBUG:colcon.colcon_installed_package_information.package_discovery:Found 270 installed packages in /opt/ros/humble
[1.586s] Level 1:colcon.colcon_core.package_discovery:discover_packages(prefix_path) using defaults
[1.752s] Level 5:colcon.colcon_core.verb:set package 'ydlidar_ros2_driver' build argument 'cmake_args' from command line to 'None'
[1.753s] Level 5:colcon.colcon_core.verb:set package 'ydlidar_ros2_driver' build argument 'cmake_target' from command line to 'None'
[1.753s] Level 5:colcon.colcon_core.verb:set package 'ydlidar_ros2_driver' build argument 'cmake_target_skip_unavailable' from command line to 'False'
[1.753s] Level 5:colcon.colcon_core.verb:set package 'ydlidar_ros2_driver' build argument 'cmake_clean_cache' from command line to 'False'
[1.753s] Level 5:colcon.colcon_core.verb:set package 'ydlidar_ros2_driver' build argument 'cmake_clean_first' from command line to 'False'
[1.753s] Level 5:colcon.colcon_core.verb:set package 'ydlidar_ros2_driver' build argument 'cmake_force_configure' from command line to 'False'
[1.753s] Level 5:colcon.colcon_core.verb:set package 'ydlidar_ros2_driver' build argument 'ament_cmake_args' from command line to 'None'
[1.753s] Level 5:colcon.colcon_core.verb:set package 'ydlidar_ros2_driver' build argument 'catkin_cmake_args' from command line to 'None'
[1.753s] Level 5:colcon.colcon_core.verb:set package 'ydlidar_ros2_driver' build argument 'catkin_skip_building_tests' from command line to 'False'
[1.754s] DEBUG:colcon.colcon_core.verb:Building package 'ydlidar_ros2_driver' with the following arguments: {'ament_cmake_args': None, 'build_base': '/home/wong/Documents/rasp_ros2/build/ydlidar_ros2_driver', 'catkin_cmake_args': None, 'catkin_skip_building_tests': False, 'cmake_args': None, 'cmake_clean_cache': False, 'cmake_clean_first': False, 'cmake_force_configure': False, 'cmake_target': None, 'cmake_target_skip_unavailable': False, 'install_base': '/home/wong/Documents/rasp_ros2/install/ydlidar_ros2_driver', 'merge_install': False, 'path': '/home/wong/Documents/rasp_ros2/ydlidar_ros2_driver-master', 'symlink_install': True, 'test_result_base': None}
[1.755s] Level 5:colcon.colcon_core.verb:set package 'ydlidar_sdk' build argument 'cmake_args' from command line to 'None'
[1.755s] Level 5:colcon.colcon_core.verb:set package 'ydlidar_sdk' build argument 'cmake_target' from command line to 'None'
[1.756s] Level 5:colcon.colcon_core.verb:set package 'ydlidar_sdk' build argument 'cmake_target_skip_unavailable' from command line to 'False'
[1.756s] Level 5:colcon.colcon_core.verb:set package 'ydlidar_sdk' build argument 'cmake_clean_cache' from command line to 'False'
[1.756s] Level 5:colcon.colcon_core.verb:set package 'ydlidar_sdk' build argument 'cmake_clean_first' from command line to 'False'
[1.756s] Level 5:colcon.colcon_core.verb:set package 'ydlidar_sdk' build argument 'cmake_force_configure' from command line to 'False'
[1.756s] Level 5:colcon.colcon_core.verb:set package 'ydlidar_sdk' build argument 'ament_cmake_args' from command line to 'None'
[1.756s] Level 5:colcon.colcon_core.verb:set package 'ydlidar_sdk' build argument 'catkin_cmake_args' from command line to 'None'
[1.756s] Level 5:colcon.colcon_core.verb:set package 'ydlidar_sdk' build argument 'catkin_skip_building_tests' from command line to 'False'
[1.756s] DEBUG:colcon.colcon_core.verb:Building package 'ydlidar_sdk' with the following arguments: {'ament_cmake_args': None, 'build_base': '/home/wong/Documents/rasp_ros2/build/ydlidar_sdk', 'catkin_cmake_args': None, 'catkin_skip_building_tests': False, 'cmake_args': None, 'cmake_clean_cache': False, 'cmake_clean_first': False, 'cmake_force_configure': False, 'cmake_target': None, 'cmake_target_skip_unavailable': False, 'install_base': '/home/wong/Documents/rasp_ros2/install/ydlidar_sdk', 'merge_install': False, 'path': '/home/wong/Documents/rasp_ros2/YDLidar-SDK-master', 'symlink_install': True, 'test_result_base': None}
[1.757s] INFO:colcon.colcon_core.executor:Executing jobs using 'parallel' executor
[1.761s] DEBUG:colcon.colcon_parallel_executor.executor.parallel:run_until_complete
[1.762s] INFO:colcon.colcon_ros.task.ament_cmake.build:Building ROS package in '/home/wong/Documents/rasp_ros2/ydlidar_ros2_driver-master' with build type 'ament_cmake'
[1.762s] INFO:colcon.colcon_cmake.task.cmake.build:Building CMake package in '/home/wong/Documents/rasp_ros2/ydlidar_ros2_driver-master'
[1.772s] INFO:colcon.colcon_core.plugin_system:Skipping extension 'colcon_core.shell.bat': Not used on non-Windows systems
[1.773s] INFO:colcon.colcon_core.shell:Skip shell extension 'powershell' for command environment: Not usable outside of PowerShell
[1.773s] DEBUG:colcon.colcon_core.shell:Skip shell extension 'dsv' for command environment
[1.789s] INFO:colcon.colcon_cmake.task.cmake.build:Building CMake package in '/home/wong/Documents/rasp_ros2/YDLidar-SDK-master'
[1.791s] INFO:colcon.colcon_core.shell:Skip shell extension 'powershell' for command environment: Not usable outside of PowerShell
[1.791s] DEBUG:colcon.colcon_core.shell:Skip shell extension 'dsv' for command environment
[1.835s] DEBUG:colcon.colcon_core.event_handler.log_command:Invoking command in '/home/wong/Documents/rasp_ros2/build/ydlidar_ros2_driver': /usr/bin/cmake --build /home/wong/Documents/rasp_ros2/build/ydlidar_ros2_driver -- -j4 -l4
[1.857s] DEBUG:colcon.colcon_core.event_handler.log_command:Invoking command in '/home/wong/Documents/rasp_ros2/build/ydlidar_sdk': /usr/bin/cmake --build /home/wong/Documents/rasp_ros2/build/ydlidar_sdk -- -j4 -l4
[2.534s] DEBUG:colcon.colcon_core.event_handler.log_command:Invoked command in '/home/wong/Documents/rasp_ros2/build/ydlidar_sdk' returned '0': /usr/bin/cmake --build /home/wong/Documents/rasp_ros2/build/ydlidar_sdk -- -j4 -l4
[2.920s] DEBUG:colcon.colcon_core.event_handler.log_command:Invoking command in '/home/wong/Documents/rasp_ros2/build/ydlidar_sdk': /usr/bin/cmake --install /home/wong/Documents/rasp_ros2/build/ydlidar_sdk
[3.030s] Level 1:colcon.colcon_core.environment:create_environment_scripts_only(ydlidar_sdk)
[3.054s] DEBUG:colcon.colcon_core.event_handler.log_command:Invoked command in '/home/wong/Documents/rasp_ros2/build/ydlidar_sdk' returned '0': /usr/bin/cmake --install /home/wong/Documents/rasp_ros2/build/ydlidar_sdk
[3.057s] Level 1:colcon.colcon_core.environment:checking '/home/wong/Documents/rasp_ros2/install/ydlidar_sdk' for CMake module files
[3.059s] Level 1:colcon.colcon_core.environment:checking '/home/wong/Documents/rasp_ros2/install/ydlidar_sdk' for CMake config files
[3.061s] Level 1:colcon.colcon_core.shell:create_environment_hook('ydlidar_sdk', 'cmake_prefix_path')
[3.062s] INFO:colcon.colcon_core.shell:Creating environment hook '/home/wong/Documents/rasp_ros2/install/ydlidar_sdk/share/ydlidar_sdk/hook/cmake_prefix_path.ps1'
[3.065s] INFO:colcon.colcon_core.shell:Creating environment descriptor '/home/wong/Documents/rasp_ros2/install/ydlidar_sdk/share/ydlidar_sdk/hook/cmake_prefix_path.dsv'
[3.067s] INFO:colcon.colcon_core.shell:Creating environment hook '/home/wong/Documents/rasp_ros2/install/ydlidar_sdk/share/ydlidar_sdk/hook/cmake_prefix_path.sh'
[3.073s] Level 1:colcon.colcon_core.environment:checking '/home/wong/Documents/rasp_ros2/install/ydlidar_sdk/lib'
[3.074s] Level 1:colcon.colcon_core.environment:checking '/home/wong/Documents/rasp_ros2/install/ydlidar_sdk/bin'
[3.074s] Level 1:colcon.colcon_core.shell:create_environment_hook('ydlidar_sdk', 'path')
[3.075s] INFO:colcon.colcon_core.shell:Creating environment hook '/home/wong/Documents/rasp_ros2/install/ydlidar_sdk/share/ydlidar_sdk/hook/path.ps1'
[3.078s] INFO:colcon.colcon_core.shell:Creating environment descriptor '/home/wong/Documents/rasp_ros2/install/ydlidar_sdk/share/ydlidar_sdk/hook/path.dsv'
[3.080s] INFO:colcon.colcon_core.shell:Creating environment hook '/home/wong/Documents/rasp_ros2/install/ydlidar_sdk/share/ydlidar_sdk/hook/path.sh'
[3.083s] Level 1:colcon.colcon_core.environment:checking '/home/wong/Documents/rasp_ros2/install/ydlidar_sdk/lib/pkgconfig/ydlidar_sdk.pc'
[3.084s] Level 1:colcon.colcon_core.environment:checking '/home/wong/Documents/rasp_ros2/install/ydlidar_sdk/lib/python3.10/site-packages'
[3.085s] Level 1:colcon.colcon_core.environment:checking '/home/wong/Documents/rasp_ros2/install/ydlidar_sdk/bin'
[3.086s] Level 1:colcon.colcon_core.shell:create_environment_hook('ydlidar_sdk', 'pythonscriptspath')
[3.087s] INFO:colcon.colcon_core.shell:Creating environment hook '/home/wong/Documents/rasp_ros2/install/ydlidar_sdk/share/ydlidar_sdk/hook/pythonscriptspath.ps1'
[3.089s] INFO:colcon.colcon_core.shell:Creating environment descriptor '/home/wong/Documents/rasp_ros2/install/ydlidar_sdk/share/ydlidar_sdk/hook/pythonscriptspath.dsv'
[3.092s] INFO:colcon.colcon_core.shell:Creating environment hook '/home/wong/Documents/rasp_ros2/install/ydlidar_sdk/share/ydlidar_sdk/hook/pythonscriptspath.sh'
[3.095s] INFO:colcon.colcon_core.shell:Creating package script '/home/wong/Documents/rasp_ros2/install/ydlidar_sdk/share/ydlidar_sdk/package.ps1'
[3.101s] INFO:colcon.colcon_core.shell:Creating package descriptor '/home/wong/Documents/rasp_ros2/install/ydlidar_sdk/share/ydlidar_sdk/package.dsv'
[3.104s] INFO:colcon.colcon_core.shell:Creating package script '/home/wong/Documents/rasp_ros2/install/ydlidar_sdk/share/ydlidar_sdk/package.sh'
[3.108s] INFO:colcon.colcon_core.shell:Creating package script '/home/wong/Documents/rasp_ros2/install/ydlidar_sdk/share/ydlidar_sdk/package.bash'
[3.112s] INFO:colcon.colcon_core.shell:Creating package script '/home/wong/Documents/rasp_ros2/install/ydlidar_sdk/share/ydlidar_sdk/package.zsh'
[3.116s] Level 1:colcon.colcon_core.environment:create_file_with_runtime_dependencies(/home/wong/Documents/rasp_ros2/install/ydlidar_sdk/share/colcon-core/packages/ydlidar_sdk)
[24.239s] DEBUG:colcon.colcon_core.event_handler.log_command:Invoked command in '/home/wong/Documents/rasp_ros2/build/ydlidar_ros2_driver' returned '0': /usr/bin/cmake --build /home/wong/Documents/rasp_ros2/build/ydlidar_ros2_driver -- -j4 -l4
[24.398s] DEBUG:colcon.colcon_core.event_handler.log_command:Invoking command in '/home/wong/Documents/rasp_ros2/build/ydlidar_ros2_driver': /usr/bin/cmake --install /home/wong/Documents/rasp_ros2/build/ydlidar_ros2_driver
[25.553s] Level 1:colcon.colcon_core.environment:create_environment_scripts_only(ydlidar_ros2_driver)
[25.555s] Level 1:colcon.colcon_core.environment:checking '/home/wong/Documents/rasp_ros2/install/ydlidar_ros2_driver' for CMake module files
[25.556s] DEBUG:colcon.colcon_core.event_handler.log_command:Invoked command in '/home/wong/Documents/rasp_ros2/build/ydlidar_ros2_driver' returned '0': /usr/bin/cmake --install /home/wong/Documents/rasp_ros2/build/ydlidar_ros2_driver
[25.559s] Level 1:colcon.colcon_core.environment:checking '/home/wong/Documents/rasp_ros2/install/ydlidar_ros2_driver' for CMake config files
[25.563s] Level 1:colcon.colcon_core.shell:create_environment_hook('ydlidar_ros2_driver', 'cmake_prefix_path')
[25.565s] INFO:colcon.colcon_core.shell:Creating environment hook '/home/wong/Documents/rasp_ros2/install/ydlidar_ros2_driver/share/ydlidar_ros2_driver/hook/cmake_prefix_path.ps1'
[25.567s] INFO:colcon.colcon_core.shell:Creating environment descriptor '/home/wong/Documents/rasp_ros2/install/ydlidar_ros2_driver/share/ydlidar_ros2_driver/hook/cmake_prefix_path.dsv'
[25.569s] INFO:colcon.colcon_core.shell:Creating environment hook '/home/wong/Documents/rasp_ros2/install/ydlidar_ros2_driver/share/ydlidar_ros2_driver/hook/cmake_prefix_path.sh'
[25.571s] Level 1:colcon.colcon_core.environment:checking '/home/wong/Documents/rasp_ros2/install/ydlidar_ros2_driver/lib'
[25.572s] Level 1:colcon.colcon_core.environment:checking '/home/wong/Documents/rasp_ros2/install/ydlidar_ros2_driver/bin'
[25.572s] Level 1:colcon.colcon_core.environment:checking '/home/wong/Documents/rasp_ros2/install/ydlidar_ros2_driver/lib/pkgconfig/ydlidar_ros2_driver.pc'
[25.573s] Level 1:colcon.colcon_core.environment:checking '/home/wong/Documents/rasp_ros2/install/ydlidar_ros2_driver/lib/python3.10/site-packages'
[25.574s] Level 1:colcon.colcon_core.environment:checking '/home/wong/Documents/rasp_ros2/install/ydlidar_ros2_driver/bin'
[25.575s] INFO:colcon.colcon_core.shell:Creating package script '/home/wong/Documents/rasp_ros2/install/ydlidar_ros2_driver/share/ydlidar_ros2_driver/package.ps1'
[25.578s] INFO:colcon.colcon_core.shell:Creating package descriptor '/home/wong/Documents/rasp_ros2/install/ydlidar_ros2_driver/share/ydlidar_ros2_driver/package.dsv'
[25.580s] INFO:colcon.colcon_core.shell:Creating package script '/home/wong/Documents/rasp_ros2/install/ydlidar_ros2_driver/share/ydlidar_ros2_driver/package.sh'
[25.582s] INFO:colcon.colcon_core.shell:Creating package script '/home/wong/Documents/rasp_ros2/install/ydlidar_ros2_driver/share/ydlidar_ros2_driver/package.bash'
[25.584s] INFO:colcon.colcon_core.shell:Creating package script '/home/wong/Documents/rasp_ros2/install/ydlidar_ros2_driver/share/ydlidar_ros2_driver/package.zsh'
[25.586s] Level 1:colcon.colcon_core.environment:create_file_with_runtime_dependencies(/home/wong/Documents/rasp_ros2/install/ydlidar_ros2_driver/share/colcon-core/packages/ydlidar_ros2_driver)
[25.733s] Level 1:colcon.colcon_core.environment:create_environment_scripts_only(ydlidar_ros2_driver)
[25.734s] Level 1:colcon.colcon_core.environment:checking '/home/wong/Documents/rasp_ros2/install/ydlidar_ros2_driver' for CMake module files
[25.739s] Level 1:colcon.colcon_core.environment:checking '/home/wong/Documents/rasp_ros2/install/ydlidar_ros2_driver' for CMake config files
[25.743s] Level 1:colcon.colcon_core.shell:create_environment_hook('ydlidar_ros2_driver', 'cmake_prefix_path')
[25.744s] INFO:colcon.colcon_core.shell:Creating environment hook '/home/wong/Documents/rasp_ros2/install/ydlidar_ros2_driver/share/ydlidar_ros2_driver/hook/cmake_prefix_path.ps1'
[25.747s] INFO:colcon.colcon_core.shell:Creating environment descriptor '/home/wong/Documents/rasp_ros2/install/ydlidar_ros2_driver/share/ydlidar_ros2_driver/hook/cmake_prefix_path.dsv'
[25.749s] INFO:colcon.colcon_core.shell:Creating environment hook '/home/wong/Documents/rasp_ros2/install/ydlidar_ros2_driver/share/ydlidar_ros2_driver/hook/cmake_prefix_path.sh'
[25.752s] Level 1:colcon.colcon_core.environment:checking '/home/wong/Documents/rasp_ros2/install/ydlidar_ros2_driver/lib'
[25.752s] Level 1:colcon.colcon_core.environment:checking '/home/wong/Documents/rasp_ros2/install/ydlidar_ros2_driver/bin'
[25.753s] Level 1:colcon.colcon_core.environment:checking '/home/wong/Documents/rasp_ros2/install/ydlidar_ros2_driver/lib/pkgconfig/ydlidar_ros2_driver.pc'
[25.753s] Level 1:colcon.colcon_core.environment:checking '/home/wong/Documents/rasp_ros2/install/ydlidar_ros2_driver/lib/python3.10/site-packages'
[25.754s] Level 1:colcon.colcon_core.environment:checking '/home/wong/Documents/rasp_ros2/install/ydlidar_ros2_driver/bin'
[25.756s] INFO:colcon.colcon_core.shell:Creating package script '/home/wong/Documents/rasp_ros2/install/ydlidar_ros2_driver/share/ydlidar_ros2_driver/package.ps1'
[25.758s] INFO:colcon.colcon_core.shell:Creating package descriptor '/home/wong/Documents/rasp_ros2/install/ydlidar_ros2_driver/share/ydlidar_ros2_driver/package.dsv'
[25.761s] INFO:colcon.colcon_core.shell:Creating package script '/home/wong/Documents/rasp_ros2/install/ydlidar_ros2_driver/share/ydlidar_ros2_driver/package.sh'
[25.764s] INFO:colcon.colcon_core.shell:Creating package script '/home/wong/Documents/rasp_ros2/install/ydlidar_ros2_driver/share/ydlidar_ros2_driver/package.bash'
[25.767s] INFO:colcon.colcon_core.shell:Creating package script '/home/wong/Documents/rasp_ros2/install/ydlidar_ros2_driver/share/ydlidar_ros2_driver/package.zsh'
[25.769s] Level 1:colcon.colcon_core.environment:create_file_with_runtime_dependencies(/home/wong/Documents/rasp_ros2/install/ydlidar_ros2_driver/share/colcon-core/packages/ydlidar_ros2_driver)
[25.770s] DEBUG:colcon.colcon_parallel_executor.executor.parallel:closing loop
[25.772s] DEBUG:colcon.colcon_parallel_executor.executor.parallel:loop closed
[25.772s] DEBUG:colcon.colcon_parallel_executor.executor.parallel:run_until_complete finished with '0'
[25.773s] DEBUG:colcon.colcon_core.event_reactor:joining thread
[25.797s] INFO:colcon.colcon_core.plugin_system:Skipping extension 'colcon_notification.desktop_notification.terminal_notifier': Not used on non-Darwin systems
[25.797s] INFO:colcon.colcon_core.plugin_system:Skipping extension 'colcon_notification.desktop_notification.win32': Not used on non-Windows systems
[25.797s] INFO:colcon.colcon_notification.desktop_notification:Sending desktop notification using 'notify2'
[25.851s] DEBUG:colcon.colcon_core.event_reactor:joined thread
[25.853s] INFO:colcon.colcon_core.shell:Creating prefix script '/home/wong/Documents/rasp_ros2/install/local_setup.ps1'
[25.858s] INFO:colcon.colcon_core.shell:Creating prefix util module '/home/wong/Documents/rasp_ros2/install/_local_setup_util_ps1.py'
[25.869s] INFO:colcon.colcon_core.shell:Creating prefix chain script '/home/wong/Documents/rasp_ros2/install/setup.ps1'
[25.873s] INFO:colcon.colcon_core.shell:Creating prefix script '/home/wong/Documents/rasp_ros2/install/local_setup.sh'
[25.876s] INFO:colcon.colcon_core.shell:Creating prefix util module '/home/wong/Documents/rasp_ros2/install/_local_setup_util_sh.py'
[25.878s] INFO:colcon.colcon_core.shell:Creating prefix chain script '/home/wong/Documents/rasp_ros2/install/setup.sh'
[25.883s] INFO:colcon.colcon_core.shell:Creating prefix script '/home/wong/Documents/rasp_ros2/install/local_setup.bash'
[25.886s] INFO:colcon.colcon_core.shell:Creating prefix chain script '/home/wong/Documents/rasp_ros2/install/setup.bash'
[25.890s] INFO:colcon.colcon_core.shell:Creating prefix script '/home/wong/Documents/rasp_ros2/install/local_setup.zsh'
[25.892s] INFO:colcon.colcon_core.shell:Creating prefix chain script '/home/wong/Documents/rasp_ros2/install/setup.zsh'
