[0.419s] DEBUG:colcon:Command line arguments: ['/usr/bin/colcon', 'build', '--symlink-install']
[0.419s] DEBUG:colcon:Parsed command line arguments: Namespace(log_base=None, log_level=None, verb_name='build', build_base='build', install_base='install', merge_install=False, symlink_install=True, test_result_base=None, continue_on_error=False, executor='parallel', parallel_workers=4, event_handlers=None, ignore_user_meta=False, metas=['./colcon.meta'], base_paths=['.'], packages_ignore=None, packages_ignore_regex=None, paths=None, packages_up_to=None, packages_up_to_regex=None, packages_above=None, packages_above_and_dependencies=None, packages_above_depth=None, packages_select_by_dep=None, packages_skip_by_dep=None, packages_skip_up_to=None, packages_select_build_failed=False, packages_skip_build_finished=False, packages_select_test_failures=False, packages_skip_test_passed=False, packages_select=None, packages_skip=None, packages_select_regex=None, packages_skip_regex=None, packages_start=None, packages_end=None, allow_overriding=[], cmake_args=None, cmake_target=None, cmake_target_skip_unavailable=False, cmake_clean_cache=False, cmake_clean_first=False, cmake_force_configure=False, ament_cmake_args=None, catkin_cmake_args=None, catkin_skip_building_tests=False, mixin_files=None, mixin=None, verb_parser=<colcon_mixin.mixin.mixin_argument.MixinArgumentDecorator object at 0xffffaaeb9330>, verb_extension=<colcon_core.verb.build.BuildVerb object at 0xffffab0019f0>, main=<bound method BuildVerb.main of <colcon_core.verb.build.BuildVerb object at 0xffffab0019f0>>, mixin_verb=('build',))
[1.384s] Level 1:colcon.colcon_core.package_discovery:discover_packages(colcon_meta) check parameters
[1.385s] Level 1:colcon.colcon_core.package_discovery:discover_packages(recursive) check parameters
[1.385s] Level 1:colcon.colcon_core.package_discovery:discover_packages(ignore) check parameters
[1.385s] Level 1:colcon.colcon_core.package_discovery:discover_packages(path) check parameters
[1.385s] Level 1:colcon.colcon_core.package_discovery:discover_packages(colcon_meta) discover
[1.386s] Level 1:colcon.colcon_core.package_discovery:discover_packages(recursive) discover
[1.386s] INFO:colcon.colcon_core.package_discovery:Crawling recursively for packages in '/home/wong/Documents/rasp_ros2'
[1.387s] Level 1:colcon.colcon_core.package_identification:_identify(.) by extensions ['ignore', 'ignore_ament_install']
[1.387s] Level 1:colcon.colcon_core.package_identification:_identify(.) by extension 'ignore'
[1.387s] Level 1:colcon.colcon_core.package_identification:_identify(.) by extension 'ignore_ament_install'
[1.388s] Level 1:colcon.colcon_core.package_identification:_identify(.) by extensions ['colcon_pkg']
[1.388s] Level 1:colcon.colcon_core.package_identification:_identify(.) by extension 'colcon_pkg'
[1.388s] Level 1:colcon.colcon_core.package_identification:_identify(.) by extensions ['colcon_meta']
[1.388s] Level 1:colcon.colcon_core.package_identification:_identify(.) by extension 'colcon_meta'
[1.388s] Level 1:colcon.colcon_core.package_identification:_identify(.) by extensions ['ros']
[1.389s] Level 1:colcon.colcon_core.package_identification:_identify(.) by extension 'ros'
[1.458s] Level 1:colcon.colcon_core.package_identification:_identify(.) by extensions ['cmake', 'python']
[1.458s] Level 1:colcon.colcon_core.package_identification:_identify(.) by extension 'cmake'
[1.459s] Level 1:colcon.colcon_core.package_identification:_identify(.) by extension 'python'
[1.459s] Level 1:colcon.colcon_core.package_identification:_identify(.) by extensions ['python_setup_py']
[1.459s] Level 1:colcon.colcon_core.package_identification:_identify(.) by extension 'python_setup_py'
[1.460s] Level 1:colcon.colcon_core.package_identification:_identify(YDLidar-SDK-master) by extensions ['ignore', 'ignore_ament_install']
[1.460s] Level 1:colcon.colcon_core.package_identification:_identify(YDLidar-SDK-master) by extension 'ignore'
[1.460s] Level 1:colcon.colcon_core.package_identification:_identify(YDLidar-SDK-master) by extension 'ignore_ament_install'
[1.460s] Level 1:colcon.colcon_core.package_identification:_identify(YDLidar-SDK-master) by extensions ['colcon_pkg']
[1.461s] Level 1:colcon.colcon_core.package_identification:_identify(YDLidar-SDK-master) by extension 'colcon_pkg'
[1.461s] Level 1:colcon.colcon_core.package_identification:_identify(YDLidar-SDK-master) by extensions ['colcon_meta']
[1.461s] Level 1:colcon.colcon_core.package_identification:_identify(YDLidar-SDK-master) by extension 'colcon_meta'
[1.461s] Level 1:colcon.colcon_core.package_identification:_identify(YDLidar-SDK-master) by extensions ['ros']
[1.461s] Level 1:colcon.colcon_core.package_identification:_identify(YDLidar-SDK-master) by extension 'ros'
[1.461s] Level 1:colcon.colcon_core.package_identification:_identify(YDLidar-SDK-master) by extensions ['cmake', 'python']
[1.462s] Level 1:colcon.colcon_core.package_identification:_identify(YDLidar-SDK-master) by extension 'cmake'
[1.534s] Level 1:colcon.colcon_core.package_identification:_identify(YDLidar-SDK-master) by extension 'python'
[1.535s] DEBUG:colcon.colcon_core.package_identification:Package 'YDLidar-SDK-master' with type 'cmake' and name 'ydlidar_sdk'
[1.536s] Level 1:colcon.colcon_core.package_identification:_identify(build) by extensions ['ignore', 'ignore_ament_install']
[1.536s] Level 1:colcon.colcon_core.package_identification:_identify(build) by extension 'ignore'
[1.536s] Level 1:colcon.colcon_core.package_identification:_identify(build) ignored
[1.537s] Level 1:colcon.colcon_core.package_identification:_identify(install) by extensions ['ignore', 'ignore_ament_install']
[1.537s] Level 1:colcon.colcon_core.package_identification:_identify(install) by extension 'ignore'
[1.538s] Level 1:colcon.colcon_core.package_identification:_identify(install) ignored
[1.538s] Level 1:colcon.colcon_core.package_identification:_identify(log) by extensions ['ignore', 'ignore_ament_install']
[1.539s] Level 1:colcon.colcon_core.package_identification:_identify(log) by extension 'ignore'
[1.539s] Level 1:colcon.colcon_core.package_identification:_identify(log) ignored
[1.540s] Level 1:colcon.colcon_core.package_identification:_identify(models) by extensions ['ignore', 'ignore_ament_install']
[1.540s] Level 1:colcon.colcon_core.package_identification:_identify(models) by extension 'ignore'
[1.541s] Level 1:colcon.colcon_core.package_identification:_identify(models) by extension 'ignore_ament_install'
[1.541s] Level 1:colcon.colcon_core.package_identification:_identify(models) by extensions ['colcon_pkg']
[1.542s] Level 1:colcon.colcon_core.package_identification:_identify(models) by extension 'colcon_pkg'
[1.542s] Level 1:colcon.colcon_core.package_identification:_identify(models) by extensions ['colcon_meta']
[1.542s] Level 1:colcon.colcon_core.package_identification:_identify(models) by extension 'colcon_meta'
[1.543s] Level 1:colcon.colcon_core.package_identification:_identify(models) by extensions ['ros']
[1.543s] Level 1:colcon.colcon_core.package_identification:_identify(models) by extension 'ros'
[1.544s] Level 1:colcon.colcon_core.package_identification:_identify(models) by extensions ['cmake', 'python']
[1.544s] Level 1:colcon.colcon_core.package_identification:_identify(models) by extension 'cmake'
[1.545s] Level 1:colcon.colcon_core.package_identification:_identify(models) by extension 'python'
[1.546s] Level 1:colcon.colcon_core.package_identification:_identify(models) by extensions ['python_setup_py']
[1.546s] Level 1:colcon.colcon_core.package_identification:_identify(models) by extension 'python_setup_py'
[1.547s] Level 1:colcon.colcon_core.package_identification:_identify(runs) by extensions ['ignore', 'ignore_ament_install']
[1.547s] Level 1:colcon.colcon_core.package_identification:_identify(runs) by extension 'ignore'
[1.548s] Level 1:colcon.colcon_core.package_identification:_identify(runs) by extension 'ignore_ament_install'
[1.549s] Level 1:colcon.colcon_core.package_identification:_identify(runs) by extensions ['colcon_pkg']
[1.549s] Level 1:colcon.colcon_core.package_identification:_identify(runs) by extension 'colcon_pkg'
[1.549s] Level 1:colcon.colcon_core.package_identification:_identify(runs) by extensions ['colcon_meta']
[1.550s] Level 1:colcon.colcon_core.package_identification:_identify(runs) by extension 'colcon_meta'
[1.550s] Level 1:colcon.colcon_core.package_identification:_identify(runs) by extensions ['ros']
[1.550s] Level 1:colcon.colcon_core.package_identification:_identify(runs) by extension 'ros'
[1.551s] Level 1:colcon.colcon_core.package_identification:_identify(runs) by extensions ['cmake', 'python']
[1.551s] Level 1:colcon.colcon_core.package_identification:_identify(runs) by extension 'cmake'
[1.551s] Level 1:colcon.colcon_core.package_identification:_identify(runs) by extension 'python'
[1.552s] Level 1:colcon.colcon_core.package_identification:_identify(runs) by extensions ['python_setup_py']
[1.552s] Level 1:colcon.colcon_core.package_identification:_identify(runs) by extension 'python_setup_py'
[1.553s] Level 1:colcon.colcon_core.package_identification:_identify(ydlidar_ros2_driver-master) by extensions ['ignore', 'ignore_ament_install']
[1.553s] Level 1:colcon.colcon_core.package_identification:_identify(ydlidar_ros2_driver-master) by extension 'ignore'
[1.553s] Level 1:colcon.colcon_core.package_identification:_identify(ydlidar_ros2_driver-master) by extension 'ignore_ament_install'
[1.554s] Level 1:colcon.colcon_core.package_identification:_identify(ydlidar_ros2_driver-master) by extensions ['colcon_pkg']
[1.554s] Level 1:colcon.colcon_core.package_identification:_identify(ydlidar_ros2_driver-master) by extension 'colcon_pkg'
[1.554s] Level 1:colcon.colcon_core.package_identification:_identify(ydlidar_ros2_driver-master) by extensions ['colcon_meta']
[1.554s] Level 1:colcon.colcon_core.package_identification:_identify(ydlidar_ros2_driver-master) by extension 'colcon_meta'
[1.554s] Level 1:colcon.colcon_core.package_identification:_identify(ydlidar_ros2_driver-master) by extensions ['ros']
[1.554s] Level 1:colcon.colcon_core.package_identification:_identify(ydlidar_ros2_driver-master) by extension 'ros'
[1.568s] DEBUG:colcon.colcon_core.package_identification:Package 'ydlidar_ros2_driver-master' with type 'ros.ament_cmake' and name 'ydlidar_ros2_driver'
[1.569s] Level 1:colcon.colcon_core.package_discovery:discover_packages(recursive) using defaults
[1.569s] Level 1:colcon.colcon_core.package_discovery:discover_packages(ignore) discover
[1.569s] Level 1:colcon.colcon_core.package_discovery:discover_packages(ignore) using defaults
[1.569s] Level 1:colcon.colcon_core.package_discovery:discover_packages(path) discover
[1.569s] Level 1:colcon.colcon_core.package_discovery:discover_packages(path) using defaults
[1.713s] Level 1:colcon.colcon_core.package_discovery:discover_packages(prefix_path) check parameters
[1.713s] Level 1:colcon.colcon_core.package_discovery:discover_packages(prefix_path) discover
[1.725s] Level 1:colcon.colcon_core.package_discovery:discover_packages(prefix_path) using defaults
[1.735s] Level 5:colcon.colcon_core.verb:set package 'ydlidar_ros2_driver' build argument 'cmake_args' from command line to 'None'
[1.735s] Level 5:colcon.colcon_core.verb:set package 'ydlidar_ros2_driver' build argument 'cmake_target' from command line to 'None'
[1.735s] Level 5:colcon.colcon_core.verb:set package 'ydlidar_ros2_driver' build argument 'cmake_target_skip_unavailable' from command line to 'False'
[1.735s] Level 5:colcon.colcon_core.verb:set package 'ydlidar_ros2_driver' build argument 'cmake_clean_cache' from command line to 'False'
[1.736s] Level 5:colcon.colcon_core.verb:set package 'ydlidar_ros2_driver' build argument 'cmake_clean_first' from command line to 'False'
[1.736s] Level 5:colcon.colcon_core.verb:set package 'ydlidar_ros2_driver' build argument 'cmake_force_configure' from command line to 'False'
[1.736s] Level 5:colcon.colcon_core.verb:set package 'ydlidar_ros2_driver' build argument 'ament_cmake_args' from command line to 'None'
[1.736s] Level 5:colcon.colcon_core.verb:set package 'ydlidar_ros2_driver' build argument 'catkin_cmake_args' from command line to 'None'
[1.736s] Level 5:colcon.colcon_core.verb:set package 'ydlidar_ros2_driver' build argument 'catkin_skip_building_tests' from command line to 'False'
[1.736s] DEBUG:colcon.colcon_core.verb:Building package 'ydlidar_ros2_driver' with the following arguments: {'ament_cmake_args': None, 'build_base': '/home/wong/Documents/rasp_ros2/build/ydlidar_ros2_driver', 'catkin_cmake_args': None, 'catkin_skip_building_tests': False, 'cmake_args': None, 'cmake_clean_cache': False, 'cmake_clean_first': False, 'cmake_force_configure': False, 'cmake_target': None, 'cmake_target_skip_unavailable': False, 'install_base': '/home/wong/Documents/rasp_ros2/install/ydlidar_ros2_driver', 'merge_install': False, 'path': '/home/wong/Documents/rasp_ros2/ydlidar_ros2_driver-master', 'symlink_install': True, 'test_result_base': None}
[1.738s] Level 5:colcon.colcon_core.verb:set package 'ydlidar_sdk' build argument 'cmake_args' from command line to 'None'
[1.738s] Level 5:colcon.colcon_core.verb:set package 'ydlidar_sdk' build argument 'cmake_target' from command line to 'None'
[1.739s] Level 5:colcon.colcon_core.verb:set package 'ydlidar_sdk' build argument 'cmake_target_skip_unavailable' from command line to 'False'
[1.739s] Level 5:colcon.colcon_core.verb:set package 'ydlidar_sdk' build argument 'cmake_clean_cache' from command line to 'False'
[1.739s] Level 5:colcon.colcon_core.verb:set package 'ydlidar_sdk' build argument 'cmake_clean_first' from command line to 'False'
[1.739s] Level 5:colcon.colcon_core.verb:set package 'ydlidar_sdk' build argument 'cmake_force_configure' from command line to 'False'
[1.739s] Level 5:colcon.colcon_core.verb:set package 'ydlidar_sdk' build argument 'ament_cmake_args' from command line to 'None'
[1.739s] Level 5:colcon.colcon_core.verb:set package 'ydlidar_sdk' build argument 'catkin_cmake_args' from command line to 'None'
[1.739s] Level 5:colcon.colcon_core.verb:set package 'ydlidar_sdk' build argument 'catkin_skip_building_tests' from command line to 'False'
[1.739s] DEBUG:colcon.colcon_core.verb:Building package 'ydlidar_sdk' with the following arguments: {'ament_cmake_args': None, 'build_base': '/home/wong/Documents/rasp_ros2/build/ydlidar_sdk', 'catkin_cmake_args': None, 'catkin_skip_building_tests': False, 'cmake_args': None, 'cmake_clean_cache': False, 'cmake_clean_first': False, 'cmake_force_configure': False, 'cmake_target': None, 'cmake_target_skip_unavailable': False, 'install_base': '/home/wong/Documents/rasp_ros2/install/ydlidar_sdk', 'merge_install': False, 'path': '/home/wong/Documents/rasp_ros2/YDLidar-SDK-master', 'symlink_install': True, 'test_result_base': None}
[1.740s] INFO:colcon.colcon_core.executor:Executing jobs using 'parallel' executor
[1.744s] DEBUG:colcon.colcon_parallel_executor.executor.parallel:run_until_complete
[1.745s] INFO:colcon.colcon_ros.task.ament_cmake.build:Building ROS package in '/home/wong/Documents/rasp_ros2/ydlidar_ros2_driver-master' with build type 'ament_cmake'
[1.746s] INFO:colcon.colcon_cmake.task.cmake.build:Building CMake package in '/home/wong/Documents/rasp_ros2/ydlidar_ros2_driver-master'
[1.771s] INFO:colcon.colcon_core.plugin_system:Skipping extension 'colcon_core.shell.bat': Not used on non-Windows systems
[1.773s] INFO:colcon.colcon_core.shell:Skip shell extension 'powershell' for command environment: Not usable outside of PowerShell
[1.773s] DEBUG:colcon.colcon_core.shell:Skip shell extension 'dsv' for command environment
[1.782s] INFO:colcon.colcon_cmake.task.cmake.build:Building CMake package in '/home/wong/Documents/rasp_ros2/YDLidar-SDK-master'
[1.783s] INFO:colcon.colcon_core.shell:Skip shell extension 'powershell' for command environment: Not usable outside of PowerShell
[1.784s] DEBUG:colcon.colcon_core.shell:Skip shell extension 'dsv' for command environment
[1.802s] DEBUG:colcon.colcon_core.event_handler.log_command:Invoking command in '/home/wong/Documents/rasp_ros2/build/ydlidar_ros2_driver': /usr/bin/cmake /home/wong/Documents/rasp_ros2/ydlidar_ros2_driver-master -DAMENT_CMAKE_SYMLINK_INSTALL=1 -DCMAKE_INSTALL_PREFIX=/home/wong/Documents/rasp_ros2/install/ydlidar_ros2_driver
[1.833s] DEBUG:colcon.colcon_core.event_handler.log_command:Invoking command in '/home/wong/Documents/rasp_ros2/build/ydlidar_sdk': /usr/bin/cmake /home/wong/Documents/rasp_ros2/YDLidar-SDK-master -DCMAKE_INSTALL_PREFIX=/home/wong/Documents/rasp_ros2/install/ydlidar_sdk
[3.345s] DEBUG:colcon.colcon_core.event_handler.log_command:Invoked command in '/home/wong/Documents/rasp_ros2/build/ydlidar_ros2_driver' returned '1': /usr/bin/cmake /home/wong/Documents/rasp_ros2/ydlidar_ros2_driver-master -DAMENT_CMAKE_SYMLINK_INSTALL=1 -DCMAKE_INSTALL_PREFIX=/home/wong/Documents/rasp_ros2/install/ydlidar_ros2_driver
[3.386s] Level 1:colcon.colcon_core.environment:create_environment_scripts_only(ydlidar_ros2_driver)
[3.414s] Level 1:colcon.colcon_core.environment:checking '/home/wong/Documents/rasp_ros2/install/ydlidar_ros2_driver' for CMake module files
[3.416s] Level 1:colcon.colcon_core.environment:checking '/home/wong/Documents/rasp_ros2/install/ydlidar_ros2_driver' for CMake config files
[3.417s] Level 1:colcon.colcon_core.environment:checking '/home/wong/Documents/rasp_ros2/install/ydlidar_ros2_driver/bin'
[3.418s] Level 1:colcon.colcon_core.environment:checking '/home/wong/Documents/rasp_ros2/install/ydlidar_ros2_driver/lib/pkgconfig/ydlidar_ros2_driver.pc'
[3.428s] Level 1:colcon.colcon_core.environment:checking '/home/wong/Documents/rasp_ros2/install/ydlidar_ros2_driver/lib/python3.10/site-packages'
[3.430s] Level 1:colcon.colcon_core.environment:checking '/home/wong/Documents/rasp_ros2/install/ydlidar_ros2_driver/bin'
[3.431s] INFO:colcon.colcon_core.shell:Creating package script '/home/wong/Documents/rasp_ros2/install/ydlidar_ros2_driver/share/ydlidar_ros2_driver/package.ps1'
[3.439s] INFO:colcon.colcon_core.shell:Creating package descriptor '/home/wong/Documents/rasp_ros2/install/ydlidar_ros2_driver/share/ydlidar_ros2_driver/package.dsv'
[3.443s] INFO:colcon.colcon_core.shell:Creating package script '/home/wong/Documents/rasp_ros2/install/ydlidar_ros2_driver/share/ydlidar_ros2_driver/package.sh'
[3.447s] INFO:colcon.colcon_core.shell:Creating package script '/home/wong/Documents/rasp_ros2/install/ydlidar_ros2_driver/share/ydlidar_ros2_driver/package.bash'
[3.455s] INFO:colcon.colcon_core.shell:Creating package script '/home/wong/Documents/rasp_ros2/install/ydlidar_ros2_driver/share/ydlidar_ros2_driver/package.zsh'
[3.461s] Level 1:colcon.colcon_core.environment:create_file_with_runtime_dependencies(/home/wong/Documents/rasp_ros2/install/ydlidar_ros2_driver/share/colcon-core/packages/ydlidar_ros2_driver)
[4.314s] DEBUG:colcon.colcon_parallel_executor.executor.parallel:closing loop
[4.316s] DEBUG:colcon.colcon_parallel_executor.executor.parallel:loop closed
[4.316s] DEBUG:colcon.colcon_parallel_executor.executor.parallel:run_until_complete finished with '1'
[4.317s] DEBUG:colcon.colcon_core.event_reactor:joining thread
[4.345s] INFO:colcon.colcon_core.plugin_system:Skipping extension 'colcon_notification.desktop_notification.terminal_notifier': Not used on non-Darwin systems
[4.346s] INFO:colcon.colcon_core.plugin_system:Skipping extension 'colcon_notification.desktop_notification.win32': Not used on non-Windows systems
[4.346s] INFO:colcon.colcon_notification.desktop_notification:Sending desktop notification using 'notify2'
[4.459s] DEBUG:colcon.colcon_core.event_reactor:joined thread
[4.461s] INFO:colcon.colcon_core.shell:Creating prefix script '/home/wong/Documents/rasp_ros2/install/local_setup.ps1'
[4.468s] INFO:colcon.colcon_core.shell:Creating prefix util module '/home/wong/Documents/rasp_ros2/install/_local_setup_util_ps1.py'
[4.480s] INFO:colcon.colcon_core.shell:Creating prefix chain script '/home/wong/Documents/rasp_ros2/install/setup.ps1'
[4.486s] INFO:colcon.colcon_core.shell:Creating prefix script '/home/wong/Documents/rasp_ros2/install/local_setup.sh'
[4.493s] INFO:colcon.colcon_core.shell:Creating prefix util module '/home/wong/Documents/rasp_ros2/install/_local_setup_util_sh.py'
[4.500s] INFO:colcon.colcon_core.shell:Creating prefix chain script '/home/wong/Documents/rasp_ros2/install/setup.sh'
[4.508s] INFO:colcon.colcon_core.shell:Creating prefix script '/home/wong/Documents/rasp_ros2/install/local_setup.bash'
[4.514s] INFO:colcon.colcon_core.shell:Creating prefix chain script '/home/wong/Documents/rasp_ros2/install/setup.bash'
[4.521s] INFO:colcon.colcon_core.shell:Creating prefix script '/home/wong/Documents/rasp_ros2/install/local_setup.zsh'
[4.526s] INFO:colcon.colcon_core.shell:Creating prefix chain script '/home/wong/Documents/rasp_ros2/install/setup.zsh'
